\BOOKMARK [1][-]{section.1}{\376\377\145\366\225\364\136\217\122\027\166\204\230\204\131\004\164\006}{}% 1
\BOOKMARK [2][-]{subsection.1.1}{\376\377\151\202\163\207\122\006\136\003}{section.1}% 2
\BOOKMARK [2][-]{subsection.1.2}{\376\377\162\171\137\201\176\337\213\241\221\317\166\204\127\372\147\054\151\202\137\365}{section.1}% 3
\BOOKMARK [2][-]{subsection.1.3}{\376\377\136\163\172\063\145\366\225\364\136\217\122\027}{section.1}% 4
\BOOKMARK [3][-]{subsubsection.1.3.1}{\376\377\136\163\172\063\145\366\225\364\136\217\122\027\166\204\176\337\213\241\221\317\140\047\215\050}{subsection.1.3}% 5
\BOOKMARK [3][-]{subsubsection.1.3.2}{\376\377\136\163\172\063\140\047\150\300\232\214\145\271\154\325}{subsection.1.3}% 6
\BOOKMARK [3][-]{subsubsection.1.3.3}{\376\377\176\257\226\217\147\072\140\047\150\300\232\214\377\010\166\175\126\152\130\360\136\217\122\027\377\011}{subsection.1.3}% 7
\BOOKMARK [3][-]{subsubsection.1.3.4}{\376\377\226\217\147\072\156\070\122\250\136\217\122\027}{subsection.1.3}% 8
\BOOKMARK [1][-]{section.2}{\376\377\136\163\172\063\145\366\225\364\136\217\122\027\122\006\147\220}{}% 9
\BOOKMARK [2][-]{subsection.2.1}{\376\377\145\271\154\325\135\345\121\167}{section.2}% 10
\BOOKMARK [3][-]{subsubsection.2.1.1}{\376\377\135\356\122\006\217\320\173\227}{subsection.2.1}% 11
\BOOKMARK [3][-]{subsubsection.2.1.2}{\376\377\136\366\217\337\173\227\133\120\000B}{subsection.2.1}% 12
\BOOKMARK [2][-]{subsection.2.2}{\376\377\000A\000R\124\214\000M\000A\152\041\127\213}{section.2}% 13
\BOOKMARK [3][-]{subsubsection.2.2.1}{\376\377\000W\000o\000l\000d\122\006\211\343\133\232\164\006}{subsection.2.2}% 14
\BOOKMARK [3][-]{subsubsection.2.2.2}{\376\377\116\000\202\054\176\277\140\047\217\307\172\013}{subsection.2.2}% 15
\BOOKMARK [3][-]{subsubsection.2.2.3}{\376\377\000A\000R\152\041\127\213\377\010\201\352\126\336\137\122\217\307\172\013\377\011}{subsection.2.2}% 16
\BOOKMARK [3][-]{subsubsection.2.2.4}{\376\377\000A\000R\000\050\000p\000\051}{subsection.2.2}% 17
\BOOKMARK [3][-]{subsubsection.2.2.5}{\376\377\000M\000A\152\041\127\213\377\010\156\321\122\250\136\163\127\107\217\307\172\013\377\011}{subsection.2.2}% 18
\BOOKMARK [3][-]{subsubsection.2.2.6}{\376\377\000M\000A\166\204\123\357\220\006\140\047}{subsection.2.2}% 19
\BOOKMARK [2][-]{subsection.2.3}{\376\377\000A\000R\000M\000A\152\041\127\213\377\010\201\352\126\336\137\122\171\373\122\250\136\163\127\107\377\011}{section.2}% 20
\BOOKMARK [3][-]{subsubsection.2.3.1}{\376\377\000A\000R\000M\000A\000\050\000p\000,\000q\000\051}{subsection.2.3}% 21
\BOOKMARK [3][-]{subsubsection.2.3.2}{\376\377\174\373\145\160\131\032\230\171\137\017}{subsection.2.3}% 22
\BOOKMARK [3][-]{subsubsection.2.3.3}{\376\377\176\337\213\241\140\047\215\050}{subsection.2.3}% 23
\BOOKMARK [1][-]{section.3}{\376\377\227\136\136\163\172\063\145\366\225\364\136\217\122\027\166\204\122\006\147\220}{}% 24
\BOOKMARK [2][-]{subsection.3.1}{\376\377\135\356\122\006\136\163\172\063}{section.3}% 25
\BOOKMARK [2][-]{subsection.3.2}{\376\377\000A\000R\000I\000M\000A\152\041\127\213\377\010\201\352\126\336\137\122\135\356\122\006\156\321\122\250\136\163\127\107\377\011}{section.3}% 26
\BOOKMARK [1][-]{section.4}{\376\377\152\041\127\213\142\337\124\010}{}% 27
\BOOKMARK [2][-]{subsection.4.1}{\376\377\123\302\145\160\117\060\213\241}{section.4}% 28
\BOOKMARK [2][-]{subsection.4.2}{\376\377\153\213\135\356\150\300\232\214}{section.4}% 29
\BOOKMARK [3][-]{subsubsection.4.2.1}{\376\377\153\213\135\356\166\204\145\340\121\163\140\047\150\300\232\214}{subsection.4.2}% 30
\BOOKMARK [3][-]{subsubsection.4.2.2}{\376\377\153\213\135\356\166\204\153\143\140\001\140\047\150\300\232\214}{subsection.4.2}% 31
\BOOKMARK [3][-]{subsubsection.4.2.3}{\376\377\123\302\145\160\166\204\146\076\204\127\140\047\150\300\232\214}{subsection.4.2}% 32
\BOOKMARK [3][-]{subsubsection.4.2.4}{\376\377\152\041\127\213\117\030\123\026}{subsection.4.2}% 33
\BOOKMARK [3][-]{subsubsection.4.2.5}{\376\377\152\041\127\213\230\204\155\113}{subsection.4.2}% 34
